[2024-09-27 21:46:27,785] INFO [ControllerEventThread controllerId=0] Starting (kafka.controller.ControllerEventManager$ControllerEventThread)
[2024-09-27 21:46:27,821] INFO [Controller id=0] 0 successfully elected as the controller. Epoch incremented to 1 and epoch zk version is now 1 (kafka.controller.KafkaController)
[2024-09-27 21:46:27,824] INFO [Controller id=0] Creating FeatureZNode at path: /feature with contents: FeatureZNode(2,Enabled,Map()) (kafka.controller.KafkaController)
[2024-09-27 21:46:27,860] INFO [Controller id=0] Registering handlers (kafka.controller.KafkaController)
[2024-09-27 21:46:27,863] INFO [Controller id=0] Deleting log dir event notifications (kafka.controller.KafkaController)
[2024-09-27 21:46:27,866] INFO [Controller id=0] Deleting isr change notifications (kafka.controller.KafkaController)
[2024-09-27 21:46:27,869] INFO [Controller id=0] Initializing controller context (kafka.controller.KafkaController)
[2024-09-27 21:46:27,889] INFO [Controller id=0] Initialized broker epochs cache: HashMap(0 -> 25) (kafka.controller.KafkaController)
[2024-09-27 21:46:27,896] DEBUG [Controller id=0] Register BrokerModifications handler for Set(0) (kafka.controller.KafkaController)
[2024-09-27 21:46:27,901] DEBUG [Channel manager on controller 0]: Controller 0 trying to connect to broker 0 (kafka.controller.ControllerChannelManager)
[2024-09-27 21:46:27,905] INFO [RequestSendThread controllerId=0] Starting (kafka.controller.RequestSendThread)
[2024-09-27 21:46:27,906] INFO [Controller id=0] Currently active brokers in the cluster: Set(0) (kafka.controller.KafkaController)
[2024-09-27 21:46:27,907] INFO [Controller id=0] Currently shutting brokers in the cluster: HashSet() (kafka.controller.KafkaController)
[2024-09-27 21:46:27,907] INFO [Controller id=0] Current list of topics in the cluster: HashSet() (kafka.controller.KafkaController)
[2024-09-27 21:46:27,907] INFO [Controller id=0] Fetching topic deletions in progress (kafka.controller.KafkaController)
[2024-09-27 21:46:27,910] INFO [Controller id=0] List of topics to be deleted:  (kafka.controller.KafkaController)
[2024-09-27 21:46:27,910] INFO [Controller id=0] List of topics ineligible for deletion:  (kafka.controller.KafkaController)
[2024-09-27 21:46:27,910] INFO [Controller id=0] Initializing topic deletion manager (kafka.controller.KafkaController)
[2024-09-27 21:46:27,910] INFO [Topic Deletion Manager 0] Initializing manager with initial deletions: Set(), initial ineligible deletions: HashSet() (kafka.controller.TopicDeletionManager)
[2024-09-27 21:46:27,913] INFO [Controller id=0] Sending update metadata request (kafka.controller.KafkaController)
[2024-09-27 21:46:27,925] INFO [ReplicaStateMachine controllerId=0] Initializing replica state (kafka.controller.ZkReplicaStateMachine)
[2024-09-27 21:46:27,926] INFO [ReplicaStateMachine controllerId=0] Triggering online replica state changes (kafka.controller.ZkReplicaStateMachine)
[2024-09-27 21:46:27,930] INFO [ReplicaStateMachine controllerId=0] Triggering offline replica state changes (kafka.controller.ZkReplicaStateMachine)
[2024-09-27 21:46:27,931] DEBUG [ReplicaStateMachine controllerId=0] Started replica state machine with initial state -> HashMap() (kafka.controller.ZkReplicaStateMachine)
[2024-09-27 21:46:27,932] INFO [PartitionStateMachine controllerId=0] Initializing partition state (kafka.controller.ZkPartitionStateMachine)
[2024-09-27 21:46:27,933] INFO [PartitionStateMachine controllerId=0] Triggering online partition state changes (kafka.controller.ZkPartitionStateMachine)
[2024-09-27 21:46:27,938] DEBUG [PartitionStateMachine controllerId=0] Started partition state machine with initial state -> HashMap() (kafka.controller.ZkPartitionStateMachine)
[2024-09-27 21:46:27,938] INFO [Controller id=0] Ready to serve as the new controller with epoch 1 (kafka.controller.KafkaController)
[2024-09-27 21:46:27,945] INFO [Controller id=0] Partitions undergoing preferred replica election:  (kafka.controller.KafkaController)
[2024-09-27 21:46:27,945] INFO [Controller id=0] Partitions that completed preferred replica election:  (kafka.controller.KafkaController)
[2024-09-27 21:46:27,945] INFO [Controller id=0] Skipping preferred replica election for partitions due to topic deletion:  (kafka.controller.KafkaController)
[2024-09-27 21:46:27,946] INFO [Controller id=0] Resuming preferred replica election for partitions:  (kafka.controller.KafkaController)
[2024-09-27 21:46:27,946] INFO [Controller id=0] Starting replica leader election (PREFERRED) for partitions  triggered by ZkTriggered (kafka.controller.KafkaController)
[2024-09-27 21:46:27,970] INFO [Controller id=0] Starting the controller scheduler (kafka.controller.KafkaController)
[2024-09-27 21:46:28,427] INFO [RequestSendThread controllerId=0] Controller 0 connected to DESKTOP-EQ2FH20:9092 (id: 0 rack: null) for sending state change requests (kafka.controller.RequestSendThread)
[2024-09-27 21:46:32,972] INFO [Controller id=0] Processing automatic preferred replica leader election (kafka.controller.KafkaController)
[2024-09-27 21:46:32,972] TRACE [Controller id=0] Checking need to trigger auto leader balancing (kafka.controller.KafkaController)
[2024-09-27 21:49:40,299] INFO [Controller id=0] Shutting down broker 0 (kafka.controller.KafkaController)
[2024-09-27 21:49:40,299] DEBUG [Controller id=0] All shutting down brokers: 0 (kafka.controller.KafkaController)
[2024-09-27 21:49:40,300] DEBUG [Controller id=0] Live brokers:  (kafka.controller.KafkaController)
[2024-09-27 21:49:40,302] TRACE [Controller id=0] All leaders =  (kafka.controller.KafkaController)
[2024-09-27 21:49:40,457] INFO [ControllerEventThread controllerId=0] Shutting down (kafka.controller.ControllerEventManager$ControllerEventThread)
[2024-09-27 21:49:40,458] INFO [ControllerEventThread controllerId=0] Stopped (kafka.controller.ControllerEventManager$ControllerEventThread)
[2024-09-27 21:49:40,458] INFO [ControllerEventThread controllerId=0] Shutdown completed (kafka.controller.ControllerEventManager$ControllerEventThread)
[2024-09-27 21:49:40,458] DEBUG [Controller id=0] Resigning (kafka.controller.KafkaController)
[2024-09-27 21:49:40,459] DEBUG [Controller id=0] Unregister BrokerModifications handler for Set(0) (kafka.controller.KafkaController)
[2024-09-27 21:49:40,459] INFO [PartitionStateMachine controllerId=0] Stopped partition state machine (kafka.controller.ZkPartitionStateMachine)
[2024-09-27 21:49:40,460] INFO [ReplicaStateMachine controllerId=0] Stopped replica state machine (kafka.controller.ZkReplicaStateMachine)
[2024-09-27 21:49:40,460] INFO [RequestSendThread controllerId=0] Shutting down (kafka.controller.RequestSendThread)
[2024-09-27 21:49:40,460] INFO [RequestSendThread controllerId=0] Stopped (kafka.controller.RequestSendThread)
[2024-09-27 21:49:40,460] INFO [RequestSendThread controllerId=0] Shutdown completed (kafka.controller.RequestSendThread)
[2024-09-27 21:49:40,462] INFO [Controller id=0] Resigned (kafka.controller.KafkaController)
[2024-09-27 21:50:33,657] INFO [ControllerEventThread controllerId=0] Starting (kafka.controller.ControllerEventManager$ControllerEventThread)
[2024-09-27 21:50:33,712] INFO [Controller id=0] 0 successfully elected as the controller. Epoch incremented to 2 and epoch zk version is now 2 (kafka.controller.KafkaController)
[2024-09-27 21:50:33,713] INFO [Controller id=0] Registering handlers (kafka.controller.KafkaController)
[2024-09-27 21:50:33,715] INFO [Controller id=0] Deleting log dir event notifications (kafka.controller.KafkaController)
[2024-09-27 21:50:33,718] INFO [Controller id=0] Deleting isr change notifications (kafka.controller.KafkaController)
[2024-09-27 21:50:33,721] INFO [Controller id=0] Initializing controller context (kafka.controller.KafkaController)
[2024-09-27 21:50:33,729] INFO [Controller id=0] Initialized broker epochs cache: HashMap(0 -> 46) (kafka.controller.KafkaController)
[2024-09-27 21:50:33,736] DEBUG [Controller id=0] Register BrokerModifications handler for Set(0) (kafka.controller.KafkaController)
[2024-09-27 21:50:33,748] DEBUG [Channel manager on controller 0]: Controller 0 trying to connect to broker 0 (kafka.controller.ControllerChannelManager)
[2024-09-27 21:50:33,757] INFO [RequestSendThread controllerId=0] Starting (kafka.controller.RequestSendThread)
[2024-09-27 21:50:33,758] INFO [Controller id=0] Currently active brokers in the cluster: Set(0) (kafka.controller.KafkaController)
[2024-09-27 21:50:33,758] INFO [Controller id=0] Currently shutting brokers in the cluster: HashSet() (kafka.controller.KafkaController)
[2024-09-27 21:50:33,758] INFO [Controller id=0] Current list of topics in the cluster: HashSet() (kafka.controller.KafkaController)
[2024-09-27 21:50:33,758] INFO [Controller id=0] Fetching topic deletions in progress (kafka.controller.KafkaController)
[2024-09-27 21:50:33,760] INFO [Controller id=0] List of topics to be deleted:  (kafka.controller.KafkaController)
[2024-09-27 21:50:33,760] INFO [Controller id=0] List of topics ineligible for deletion:  (kafka.controller.KafkaController)
[2024-09-27 21:50:33,761] INFO [Controller id=0] Initializing topic deletion manager (kafka.controller.KafkaController)
[2024-09-27 21:50:33,761] INFO [Topic Deletion Manager 0] Initializing manager with initial deletions: Set(), initial ineligible deletions: HashSet() (kafka.controller.TopicDeletionManager)
[2024-09-27 21:50:33,769] INFO [Controller id=0] Sending update metadata request (kafka.controller.KafkaController)
[2024-09-27 21:50:33,779] INFO [ReplicaStateMachine controllerId=0] Initializing replica state (kafka.controller.ZkReplicaStateMachine)
[2024-09-27 21:50:33,780] INFO [ReplicaStateMachine controllerId=0] Triggering online replica state changes (kafka.controller.ZkReplicaStateMachine)
[2024-09-27 21:50:33,784] INFO [ReplicaStateMachine controllerId=0] Triggering offline replica state changes (kafka.controller.ZkReplicaStateMachine)
[2024-09-27 21:50:33,785] DEBUG [ReplicaStateMachine controllerId=0] Started replica state machine with initial state -> HashMap() (kafka.controller.ZkReplicaStateMachine)
[2024-09-27 21:50:33,786] INFO [PartitionStateMachine controllerId=0] Initializing partition state (kafka.controller.ZkPartitionStateMachine)
[2024-09-27 21:50:33,787] INFO [PartitionStateMachine controllerId=0] Triggering online partition state changes (kafka.controller.ZkPartitionStateMachine)
[2024-09-27 21:50:33,790] DEBUG [PartitionStateMachine controllerId=0] Started partition state machine with initial state -> HashMap() (kafka.controller.ZkPartitionStateMachine)
[2024-09-27 21:50:33,790] INFO [Controller id=0] Ready to serve as the new controller with epoch 2 (kafka.controller.KafkaController)
[2024-09-27 21:50:33,796] INFO [Controller id=0] Partitions undergoing preferred replica election:  (kafka.controller.KafkaController)
[2024-09-27 21:50:33,796] INFO [Controller id=0] Partitions that completed preferred replica election:  (kafka.controller.KafkaController)
[2024-09-27 21:50:33,796] INFO [Controller id=0] Skipping preferred replica election for partitions due to topic deletion:  (kafka.controller.KafkaController)
[2024-09-27 21:50:33,796] INFO [Controller id=0] Resuming preferred replica election for partitions:  (kafka.controller.KafkaController)
[2024-09-27 21:50:33,797] INFO [Controller id=0] Starting replica leader election (PREFERRED) for partitions  triggered by ZkTriggered (kafka.controller.KafkaController)
[2024-09-27 21:50:33,837] INFO [Controller id=0] Starting the controller scheduler (kafka.controller.KafkaController)
[2024-09-27 21:50:34,283] INFO [RequestSendThread controllerId=0] Controller 0 connected to DESKTOP-EQ2FH20:9092 (id: 0 rack: null) for sending state change requests (kafka.controller.RequestSendThread)
[2024-09-27 21:50:38,838] INFO [Controller id=0] Processing automatic preferred replica leader election (kafka.controller.KafkaController)
[2024-09-27 21:50:38,838] TRACE [Controller id=0] Checking need to trigger auto leader balancing (kafka.controller.KafkaController)
[2024-09-27 21:55:38,840] INFO [Controller id=0] Processing automatic preferred replica leader election (kafka.controller.KafkaController)
[2024-09-27 21:55:38,840] TRACE [Controller id=0] Checking need to trigger auto leader balancing (kafka.controller.KafkaController)
[2024-09-27 22:00:38,841] INFO [Controller id=0] Processing automatic preferred replica leader election (kafka.controller.KafkaController)
[2024-09-27 22:00:38,843] TRACE [Controller id=0] Checking need to trigger auto leader balancing (kafka.controller.KafkaController)
[2024-09-27 22:05:38,843] INFO [Controller id=0] Processing automatic preferred replica leader election (kafka.controller.KafkaController)
[2024-09-27 22:05:38,843] TRACE [Controller id=0] Checking need to trigger auto leader balancing (kafka.controller.KafkaController)
[2024-09-27 22:10:38,845] INFO [Controller id=0] Processing automatic preferred replica leader election (kafka.controller.KafkaController)
[2024-09-27 22:10:38,845] TRACE [Controller id=0] Checking need to trigger auto leader balancing (kafka.controller.KafkaController)
[2024-09-27 22:15:38,847] INFO [Controller id=0] Processing automatic preferred replica leader election (kafka.controller.KafkaController)
[2024-09-27 22:15:38,847] TRACE [Controller id=0] Checking need to trigger auto leader balancing (kafka.controller.KafkaController)
